2015-09-09 15:43:19.691 src[90575:608913] DiskCookieStorage changing policy from 2 to 0, cookie file: file:///Users/rhughes1/Library/Developer/CoreSimulator/Devices/DCA93B16-62A8-4E4E-A094-6C62208ACDCC/data/Containers/Data/Application/F2CC7BA2-AB74-4615-8C44-757529A70F53/Library/Cookies/Cookies.binarycookies
2015-09-09 15:43:19.873 src[90575:608913] Apache Cordova native platform version 3.7.0 is starting.
2015-09-09 15:43:19.874 src[90575:608913] Multi-tasking -> Device: YES, App: YES
2015-09-09 15:43:19.890 src[90575:608913] 

Started backup to iCloud! Please be careful.
Your application might be rejected by Apple if you store too much data.
For more information please read "iOS Data Storage Guidelines" at:
https://developer.apple.com/icloud/documentation/data-storage/
To disable web storage backup to iCloud, set the BackupWebStorage preference to "local" in the Cordova config.xml file

2015-09-09 15:43:20.150 src[90575:608913] [CDVTimer][file] 11.096001ms
2015-09-09 15:43:20.274 src[90575:608913] [CDVTimer][statusbar] 123.965025ms
2015-09-09 15:43:20.300 src[90575:608913] [CDVTimer][splashscreen] 25.440991ms
2015-09-09 15:43:20.300 src[90575:608913] [CDVTimer][TotalPluginStartup] 161.068976ms
2015-09-09 15:43:20.654 src[90575:608913] Resetting plugins due to page load.
2015-09-09 15:43:20.703 src[90575:608913] Finished load of: file:///Users/rhughes1/Library/Developer/CoreSimulator/Devices/DCA93B16-62A8-4E4E-A094-6C62208ACDCC/data/Containers/Bundle/Application/FEFA4C0F-6123-4E2F-999B-55AB519594E5/src.app/www/index.html
2015-09-09 15:43:20.756 src[90575:608913] METEOR CORDOVA DEBUG (meteor_cordova_loader.js) Error reading version file Error: Failed to resolve entry: file:///Users/rhughes1/Library/Developer/CoreSimulator/Devices/DCA93B16-62A8-4E4E-A094-6C62208ACDCC/data/Containers/Data/Application/F2CC7BA2-AB74-4615-8C44-757529A70F53/Library/NoCloud/meteor/version
2015-09-09 15:43:20.757 src[90575:608913] METEOR CORDOVA DEBUG (meteor_cordova_loader.js) Couldn't load from the manifest, falling back to the bundled assets.
2015-09-09 15:43:20.757 src[90575:608913] start serving (
    "/Users/rhughes1/Library/Developer/CoreSimulator/Devices/DCA93B16-62A8-4E4E-A094-6C62208ACDCC/data/Containers/Bundle/Application/FEFA4C0F-6123-4E2F-999B-55AB519594E5/src.app/www/application/",
    "/Users/rhughes1/Library/Developer/CoreSimulator/Devices/DCA93B16-62A8-4E4E-A094-6C62208ACDCC/data/Containers/Bundle/Application/FEFA4C0F-6123-4E2F-999B-55AB519594E5/src.app/www/"
)
2015-09-09 15:43:20.758 src[90575:608913] METEOR CORDOVA DEBUG (meteor_cordova_loader.js) Loading from url: http://meteor.local
2015-09-09 15:43:20.761 src[90575:608913] Resetting plugins due to page load.
2015-09-09 15:43:20.772 src[90575:609634] METEOR CORDOVA DEBUG loading filepath: /Users/rhughes1/Library/Developer/CoreSimulator/Devices/DCA93B16-62A8-4E4E-A094-6C62208ACDCC/data/Containers/Bundle/Application/FEFA4C0F-6123-4E2F-999B-55AB519594E5/src.app/www/application/index.html for path: %2F
2015-09-09 15:43:20.787 src[90575:609634] METEOR CORDOVA DEBUG loading filepath: /Users/rhughes1/Library/Developer/CoreSimulator/Devices/DCA93B16-62A8-4E4E-A094-6C62208ACDCC/data/Containers/Bundle/Application/FEFA4C0F-6123-4E2F-999B-55AB519594E5/src.app/www/application/fcd53a7a684e650edaa9301f7ce520b09df44ddc.css for path: %2Ffcd53a7a684e650edaa9301f7ce520b09df44ddc.css
2015-09-09 15:43:20.788 src[90575:609634] METEOR CORDOVA DEBUG loading filepath: /Users/rhughes1/Library/Developer/CoreSimulator/Devices/DCA93B16-62A8-4E4E-A094-6C62208ACDCC/data/Containers/Bundle/Application/FEFA4C0F-6123-4E2F-999B-55AB519594E5/src.app/www/cordova.js for path: %2Fcordova.js
2015-09-09 15:43:20.788 src[90575:609634] METEOR CORDOVA DEBUG loading filepath: /Users/rhughes1/Library/Developer/CoreSimulator/Devices/DCA93B16-62A8-4E4E-A094-6C62208ACDCC/data/Containers/Bundle/Application/FEFA4C0F-6123-4E2F-999B-55AB519594E5/src.app/www/application/packages/underscore.js for path: %2Fpackages%2Funderscore.js
2015-09-09 15:43:20.789 src[90575:609634] METEOR CORDOVA DEBUG loading filepath: /Users/rhughes1/Library/Developer/CoreSimulator/Devices/DCA93B16-62A8-4E4E-A094-6C62208ACDCC/data/Containers/Bundle/Application/FEFA4C0F-6123-4E2F-999B-55AB519594E5/src.app/www/application/packages/meteor.js for path: %2Fpackages%2Fmeteor.js
2015-09-09 15:43:20.790 src[90575:609634] METEOR CORDOVA DEBUG loading filepath: /Users/rhughes1/Library/Developer/CoreSimulator/Devices/DCA93B16-62A8-4E4E-A094-6C62208ACDCC/data/Containers/Bundle/Application/FEFA4C0F-6123-4E2F-999B-55AB519594E5/src.app/www/application/packages/json.js for path: %2Fpackages%2Fjson.js
2015-09-09 15:43:20.790 src[90575:609634] METEOR CORDOVA DEBUG loading filepath: /Users/rhughes1/Library/Developer/CoreSimulator/Devices/DCA93B16-62A8-4E4E-A094-6C62208ACDCC/data/Containers/Bundle/Application/FEFA4C0F-6123-4E2F-999B-55AB519594E5/src.app/www/application/packages/base64.js for path: %2Fpackages%2Fbase64.js
2015-09-09 15:43:20.791 src[90575:609634] METEOR CORDOVA DEBUG loading filepath: /Users/rhughes1/Library/Developer/CoreSimulator/Devices/DCA93B16-62A8-4E4E-A094-6C62208ACDCC/data/Containers/Bundle/Application/FEFA4C0F-6123-4E2F-999B-55AB519594E5/src.app/www/application/packages/ejson.js for path: %2Fpackages%2Fejson.js
2015-09-09 15:43:20.792 src[90575:609634] METEOR CORDOVA DEBUG loading filepath: /Users/rhughes1/Library/Developer/CoreSimulator/Devices/DCA93B16-62A8-4E4E-A094-6C62208ACDCC/data/Containers/Bundle/Application/FEFA4C0F-6123-4E2F-999B-55AB519594E5/src.app/www/application/packages/logging.js for path: %2Fpackages%2Flogging.js
2015-09-09 15:43:20.792 src[90575:609634] METEOR CORDOVA DEBUG loading filepath: /Users/rhughes1/Library/Developer/CoreSimulator/Devices/DCA93B16-62A8-4E4E-A094-6C62208ACDCC/data/Containers/Bundle/Application/FEFA4C0F-6123-4E2F-999B-55AB519594E5/src.app/www/application/packages/reload.js for path: %2Fpackages%2Freload.js
2015-09-09 15:43:20.793 src[90575:609634] METEOR CORDOVA DEBUG loading filepath: /Users/rhughes1/Library/Developer/CoreSimulator/Devices/DCA93B16-62A8-4E4E-A094-6C62208ACDCC/data/Containers/Bundle/Application/FEFA4C0F-6123-4E2F-999B-55AB519594E5/src.app/www/application/packages/tracker.js for path: %2Fpackages%2Ftracker.js
2015-09-09 15:43:20.794 src[90575:609634] METEOR CORDOVA DEBUG loading filepath: /Users/rhughes1/Library/Developer/CoreSimulator/Devices/DCA93B16-62A8-4E4E-A094-6C62208ACDCC/data/Containers/Bundle/Application/FEFA4C0F-6123-4E2F-999B-55AB519594E5/src.app/www/application/packages/random.js for path: %2Fpackages%2Frandom.js
2015-09-09 15:43:20.795 src[90575:609634] METEOR CORDOVA DEBUG loading filepath: /Users/rhughes1/Library/Developer/CoreSimulator/Devices/DCA93B16-62A8-4E4E-A094-6C62208ACDCC/data/Containers/Bundle/Application/FEFA4C0F-6123-4E2F-999B-55AB519594E5/src.app/www/application/packages/retry.js for path: %2Fpackages%2Fretry.js
2015-09-09 15:43:20.795 src[90575:609634] METEOR CORDOVA DEBUG loading filepath: /Users/rhughes1/Library/Developer/CoreSimulator/Devices/DCA93B16-62A8-4E4E-A094-6C62208ACDCC/data/Containers/Bundle/Application/FEFA4C0F-6123-4E2F-999B-55AB519594E5/src.app/www/application/packages/check.js for path: %2Fpackages%2Fcheck.js
2015-09-09 15:43:20.796 src[90575:609634] METEOR CORDOVA DEBUG loading filepath: /Users/rhughes1/Library/Developer/CoreSimulator/Devices/DCA93B16-62A8-4E4E-A094-6C62208ACDCC/data/Containers/Bundle/Application/FEFA4C0F-6123-4E2F-999B-55AB519594E5/src.app/www/application/packages/id-map.js for path: %2Fpackages%2Fid-map.js
2015-09-09 15:43:20.797 src[90575:609634] METEOR CORDOVA DEBUG loading filepath: /Users/rhughes1/Library/Developer/CoreSimulator/Devices/DCA93B16-62A8-4E4E-A094-6C62208ACDCC/data/Containers/Bundle/Application/FEFA4C0F-6123-4E2F-999B-55AB519594E5/src.app/www/application/packages/ordered-dict.js for path: %2Fpackages%2Fordered-dict.js
2015-09-09 15:43:20.798 src[90575:609634] METEOR CORDOVA DEBUG loading filepath: /Users/rhughes1/Library/Developer/CoreSimulator/Devices/DCA93B16-62A8-4E4E-A094-6C62208ACDCC/data/Containers/Bundle/Application/FEFA4C0F-6123-4E2F-999B-55AB519594E5/src.app/www/application/packages/geojson-utils.js for path: %2Fpackages%2Fgeojson-utils.js
2015-09-09 15:43:20.798 src[90575:609634] METEOR CORDOVA DEBUG loading filepath: /Users/rhughes1/Library/Developer/CoreSimulator/Devices/DCA93B16-62A8-4E4E-A094-6C62208ACDCC/data/Containers/Bundle/Application/FEFA4C0F-6123-4E2F-999B-55AB519594E5/src.app/www/application/packages/minimongo.js for path: %2Fpackages%2Fminimongo.js
2015-09-09 15:43:20.799 src[90575:609634] METEOR CORDOVA DEBUG loading filepath: /Users/rhughes1/Library/Developer/CoreSimulator/Devices/DCA93B16-62A8-4E4E-A094-6C62208ACDCC/data/Containers/Bundle/Application/FEFA4C0F-6123-4E2F-999B-55AB519594E5/src.app/www/application/packages/ddp.js for path: %2Fpackages%2Fddp.js
2015-09-09 15:43:20.800 src[90575:609634] METEOR CORDOVA DEBUG loading filepath: /Users/rhughes1/Library/Developer/CoreSimulator/Devices/DCA93B16-62A8-4E4E-A094-6C62208ACDCC/data/Containers/Bundle/Application/FEFA4C0F-6123-4E2F-999B-55AB519594E5/src.app/www/application/packages/insecure.js for path: %2Fpackages%2Finsecure.js
2015-09-09 15:43:20.800 src[90575:609634] METEOR CORDOVA DEBUG loading filepath: /Users/rhughes1/Library/Developer/CoreSimulator/Devices/DCA93B16-62A8-4E4E-A094-6C62208ACDCC/data/Containers/Bundle/Application/FEFA4C0F-6123-4E2F-999B-55AB519594E5/src.app/www/application/packages/mongo.js for path: %2Fpackages%2Fmongo.js
2015-09-09 15:43:20.801 src[90575:609634] METEOR CORDOVA DEBUG loading filepath: /Users/rhughes1/Library/Developer/CoreSimulator/Devices/DCA93B16-62A8-4E4E-A094-6C62208ACDCC/data/Containers/Bundle/Application/FEFA4C0F-6123-4E2F-999B-55AB519594E5/src.app/www/application/packages/url.js for path: %2Fpackages%2Furl.js
2015-09-09 15:43:20.802 src[90575:609634] METEOR CORDOVA DEBUG loading filepath: /Users/rhughes1/Library/Developer/CoreSimulator/Devices/DCA93B16-62A8-4E4E-A094-6C62208ACDCC/data/Containers/Bundle/Application/FEFA4C0F-6123-4E2F-999B-55AB519594E5/src.app/www/application/packages/http.js for path: %2Fpackages%2Fhttp.js
2015-09-09 15:43:20.802 src[90575:609634] METEOR CORDOVA DEBUG loading filepath: /Users/rhughes1/Library/Developer/CoreSimulator/Devices/DCA93B16-62A8-4E4E-A094-6C62208ACDCC/data/Containers/Bundle/Application/FEFA4C0F-6123-4E2F-999B-55AB519594E5/src.app/www/application/packages/autoupdate.js for path: %2Fpackages%2Fautoupdate.js
2015-09-09 15:43:20.803 src[90575:609634] METEOR CORDOVA DEBUG loading filepath: /Users/rhughes1/Library/Developer/CoreSimulator/Devices/DCA93B16-62A8-4E4E-A094-6C62208ACDCC/data/Containers/Bundle/Application/FEFA4C0F-6123-4E2F-999B-55AB519594E5/src.app/www/application/packages/meteor-platform.js for path: %2Fpackages%2Fmeteor-platform.js
2015-09-09 15:43:20.803 src[90575:609634] METEOR CORDOVA DEBUG loading filepath: /Users/rhughes1/Library/Developer/CoreSimulator/Devices/DCA93B16-62A8-4E4E-A094-6C62208ACDCC/data/Containers/Bundle/Application/FEFA4C0F-6123-4E2F-999B-55AB519594E5/src.app/www/application/packages/less.js for path: %2Fpackages%2Fless.js
2015-09-09 15:43:20.806 src[90575:609634] METEOR CORDOVA DEBUG loading filepath: /Users/rhughes1/Library/Developer/CoreSimulator/Devices/DCA93B16-62A8-4E4E-A094-6C62208ACDCC/data/Containers/Bundle/Application/FEFA4C0F-6123-4E2F-999B-55AB519594E5/src.app/www/application/packages/coffeescript.js for path: %2Fpackages%2Fcoffeescript.js
2015-09-09 15:43:20.806 src[90575:609634] METEOR CORDOVA DEBUG loading filepath: /Users/rhughes1/Library/Developer/CoreSimulator/Devices/DCA93B16-62A8-4E4E-A094-6C62208ACDCC/data/Containers/Bundle/Application/FEFA4C0F-6123-4E2F-999B-55AB519594E5/src.app/www/application/packages/grigio_babel.js for path: %2Fpackages%2Fgrigio_babel.js
2015-09-09 15:43:20.807 src[90575:609634] METEOR CORDOVA DEBUG loading filepath: /Users/rhughes1/Library/Developer/CoreSimulator/Devices/DCA93B16-62A8-4E4E-A094-6C62208ACDCC/data/Containers/Bundle/Application/FEFA4C0F-6123-4E2F-999B-55AB519594E5/src.app/www/application/packages/jquery.js for path: %2Fpackages%2Fjquery.js
2015-09-09 15:43:20.807 src[90575:609634] METEOR CORDOVA DEBUG loading filepath: /Users/rhughes1/Library/Developer/CoreSimulator/Devices/DCA93B16-62A8-4E4E-A094-6C62208ACDCC/data/Containers/Bundle/Application/FEFA4C0F-6123-4E2F-999B-55AB519594E5/src.app/www/application/packages/deps.js for path: %2Fpackages%2Fdeps.js
2015-09-09 15:43:20.808 src[90575:609634] METEOR CORDOVA DEBUG loading filepath: /Users/rhughes1/Library/Developer/CoreSimulator/Devices/DCA93B16-62A8-4E4E-A094-6C62208ACDCC/data/Containers/Bundle/Application/FEFA4C0F-6123-4E2F-999B-55AB519594E5/src.app/www/application/packages/htmljs.js for path: %2Fpackages%2Fhtmljs.js
2015-09-09 15:43:20.808 src[90575:609634] METEOR CORDOVA DEBUG loading filepath: /Users/rhughes1/Library/Developer/CoreSimulator/Devices/DCA93B16-62A8-4E4E-A094-6C62208ACDCC/data/Containers/Bundle/Application/FEFA4C0F-6123-4E2F-999B-55AB519594E5/src.app/www/application/packages/observe-sequence.js for path: %2Fpackages%2Fobserve-sequence.js
2015-09-09 15:43:20.809 src[90575:609634] METEOR CORDOVA DEBUG loading filepath: /Users/rhughes1/Library/Developer/CoreSimulator/Devices/DCA93B16-62A8-4E4E-A094-6C62208ACDCC/data/Containers/Bundle/Application/FEFA4C0F-6123-4E2F-999B-55AB519594E5/src.app/www/application/packages/reactive-var.js for path: %2Fpackages%2Freactive-var.js
2015-09-09 15:43:20.809 src[90575:609634] METEOR CORDOVA DEBUG loading filepath: /Users/rhughes1/Library/Developer/CoreSimulator/Devices/DCA93B16-62A8-4E4E-A094-6C62208ACDCC/data/Containers/Bundle/Application/FEFA4C0F-6123-4E2F-999B-55AB519594E5/src.app/www/application/packages/blaze.js for path: %2Fpackages%2Fblaze.js
2015-09-09 15:43:20.810 src[90575:609634] METEOR CORDOVA DEBUG loading filepath: /Users/rhughes1/Library/Developer/CoreSimulator/Devices/DCA93B16-62A8-4E4E-A094-6C62208ACDCC/data/Containers/Bundle/Application/FEFA4C0F-6123-4E2F-999B-55AB519594E5/src.app/www/application/packages/mquandalle_jade.js for path: %2Fpackages%2Fmquandalle_jade.js
2015-09-09 15:43:20.810 src[90575:609634] METEOR CORDOVA DEBUG loading filepath: /Users/rhughes1/Library/Developer/CoreSimulator/Devices/DCA93B16-62A8-4E4E-A094-6C62208ACDCC/data/Containers/Bundle/Application/FEFA4C0F-6123-4E2F-999B-55AB519594E5/src.app/www/application/packages/webapp.js for path: %2Fpackages%2Fwebapp.js
2015-09-09 15:43:20.811 src[90575:609634] METEOR CORDOVA DEBUG loading filepath: /Users/rhughes1/Library/Developer/CoreSimulator/Devices/DCA93B16-62A8-4E4E-A094-6C62208ACDCC/data/Containers/Bundle/Application/FEFA4C0F-6123-4E2F-999B-55AB519594E5/src.app/www/application/packages/reactive-dict.js for path: %2Fpackages%2Freactive-dict.js
2015-09-09 15:43:20.811 src[90575:609634] METEOR CORDOVA DEBUG loading filepath: /Users/rhughes1/Library/Developer/CoreSimulator/Devices/DCA93B16-62A8-4E4E-A094-6C62208ACDCC/data/Containers/Bundle/Application/FEFA4C0F-6123-4E2F-999B-55AB519594E5/src.app/www/application/packages/session.js for path: %2Fpackages%2Fsession.js
2015-09-09 15:43:20.812 src[90575:609634] METEOR CORDOVA DEBUG loading filepath: /Users/rhughes1/Library/Developer/CoreSimulator/Devices/DCA93B16-62A8-4E4E-A094-6C62208ACDCC/data/Containers/Bundle/Application/FEFA4C0F-6123-4E2F-999B-55AB519594E5/src.app/www/application/packages/livedata.js for path: %2Fpackages%2Flivedata.js
2015-09-09 15:43:20.813 src[90575:609634] METEOR CORDOVA DEBUG loading filepath: /Users/rhughes1/Library/Developer/CoreSimulator/Devices/DCA93B16-62A8-4E4E-A094-6C62208ACDCC/data/Containers/Bundle/Application/FEFA4C0F-6123-4E2F-999B-55AB519594E5/src.app/www/application/packages/ui.js for path: %2Fpackages%2Fui.js
2015-09-09 15:43:20.815 src[90575:609634] METEOR CORDOVA DEBUG loading filepath: /Users/rhughes1/Library/Developer/CoreSimulator/Devices/DCA93B16-62A8-4E4E-A094-6C62208ACDCC/data/Containers/Bundle/Application/FEFA4C0F-6123-4E2F-999B-55AB519594E5/src.app/www/application/packages/templating.js for path: %2Fpackages%2Ftemplating.js
2015-09-09 15:43:20.815 src[90575:609634] METEOR CORDOVA DEBUG loading filepath: /Users/rhughes1/Library/Developer/CoreSimulator/Devices/DCA93B16-62A8-4E4E-A094-6C62208ACDCC/data/Containers/Bundle/Application/FEFA4C0F-6123-4E2F-999B-55AB519594E5/src.app/www/application/packages/spacebars.js for path: %2Fpackages%2Fspacebars.js
2015-09-09 15:43:20.816 src[90575:609634] METEOR CORDOVA DEBUG loading filepath: /Users/rhughes1/Library/Developer/CoreSimulator/Devices/DCA93B16-62A8-4E4E-A094-6C62208ACDCC/data/Containers/Bundle/Application/FEFA4C0F-6123-4E2F-999B-55AB519594E5/src.app/www/application/packages/fastclick.js for path: %2Fpackages%2Ffastclick.js
2015-09-09 15:43:20.816 src[90575:609634] METEOR CORDOVA DEBUG loading filepath: /Users/rhughes1/Library/Developer/CoreSimulator/Devices/DCA93B16-62A8-4E4E-A094-6C62208ACDCC/data/Containers/Bundle/Application/FEFA4C0F-6123-4E2F-999B-55AB519594E5/src.app/www/application/packages/mobile-status-bar.js for path: %2Fpackages%2Fmobile-status-bar.js
2015-09-09 15:43:20.817 src[90575:609634] METEOR CORDOVA DEBUG loading filepath: /Users/rhughes1/Library/Developer/CoreSimulator/Devices/DCA93B16-62A8-4E4E-A094-6C62208ACDCC/data/Containers/Bundle/Application/FEFA4C0F-6123-4E2F-999B-55AB519594E5/src.app/www/application/packages/launch-screen.js for path: %2Fpackages%2Flaunch-screen.js
2015-09-09 15:43:20.817 src[90575:609634] METEOR CORDOVA DEBUG loading filepath: /Users/rhughes1/Library/Developer/CoreSimulator/Devices/DCA93B16-62A8-4E4E-A094-6C62208ACDCC/data/Containers/Bundle/Application/FEFA4C0F-6123-4E2F-999B-55AB519594E5/src.app/www/application/packages/global-imports.js for path: %2Fpackages%2Fglobal-imports.js
2015-09-09 15:43:20.818 src[90575:609634] METEOR CORDOVA DEBUG loading filepath: /Users/rhughes1/Library/Developer/CoreSimulator/Devices/DCA93B16-62A8-4E4E-A094-6C62208ACDCC/data/Containers/Bundle/Application/FEFA4C0F-6123-4E2F-999B-55AB519594E5/src.app/www/application/client/template.hello.js for path: %2Fclient%2Ftemplate.hello.js
2015-09-09 15:43:20.818 src[90575:609634] METEOR CORDOVA DEBUG loading filepath: /Users/rhughes1/Library/Developer/CoreSimulator/Devices/DCA93B16-62A8-4E4E-A094-6C62208ACDCC/data/Containers/Bundle/Application/FEFA4C0F-6123-4E2F-999B-55AB519594E5/src.app/www/application/client/template.intro.js for path: %2Fclient%2Ftemplate.intro.js
2015-09-09 15:43:20.819 src[90575:609634] METEOR CORDOVA DEBUG loading filepath: /Users/rhughes1/Library/Developer/CoreSimulator/Devices/DCA93B16-62A8-4E4E-A094-6C62208ACDCC/data/Containers/Bundle/Application/FEFA4C0F-6123-4E2F-999B-55AB519594E5/src.app/www/application/client/template.tacos.js for path: %2Fclient%2Ftemplate.tacos.js
2015-09-09 15:43:20.820 src[90575:609634] METEOR CORDOVA DEBUG loading filepath: /Users/rhughes1/Library/Developer/CoreSimulator/Devices/DCA93B16-62A8-4E4E-A094-6C62208ACDCC/data/Containers/Bundle/Application/FEFA4C0F-6123-4E2F-999B-55AB519594E5/src.app/www/application/template.src.js for path: %2Ftemplate.src.js
2015-09-09 15:43:20.820 src[90575:609634] METEOR CORDOVA DEBUG loading filepath: /Users/rhughes1/Library/Developer/CoreSimulator/Devices/DCA93B16-62A8-4E4E-A094-6C62208ACDCC/data/Containers/Bundle/Application/FEFA4C0F-6123-4E2F-999B-55AB519594E5/src.app/www/application/lib/collection.js for path: %2Flib%2Fcollection.js
2015-09-09 15:43:20.821 src[90575:609634] METEOR CORDOVA DEBUG loading filepath: /Users/rhughes1/Library/Developer/CoreSimulator/Devices/DCA93B16-62A8-4E4E-A094-6C62208ACDCC/data/Containers/Bundle/Application/FEFA4C0F-6123-4E2F-999B-55AB519594E5/src.app/www/application/client/hello.litcoffee.js for path: %2Fclient%2Fhello.litcoffee.js
2015-09-09 15:43:20.821 src[90575:609634] METEOR CORDOVA DEBUG loading filepath: /Users/rhughes1/Library/Developer/CoreSimulator/Devices/DCA93B16-62A8-4E4E-A094-6C62208ACDCC/data/Containers/Bundle/Application/FEFA4C0F-6123-4E2F-999B-55AB519594E5/src.app/www/application/client/shared.js for path: %2Fclient%2Fshared.js
2015-09-09 15:43:20.822 src[90575:609634] METEOR CORDOVA DEBUG loading filepath: /Users/rhughes1/Library/Developer/CoreSimulator/Devices/DCA93B16-62A8-4E4E-A094-6C62208ACDCC/data/Containers/Bundle/Application/FEFA4C0F-6123-4E2F-999B-55AB519594E5/src.app/www/application/client/tacos.es6.js.js for path: %2Fclient%2Ftacos.es6.js.js
2015-09-09 15:43:20.935 src[90575:608913] Finished load of: http://meteor.local/
2015-09-09 15:43:20.936 src[90575:609634] METEOR CORDOVA DEBUG loading filepath: /Users/rhughes1/Library/Developer/CoreSimulator/Devices/DCA93B16-62A8-4E4E-A094-6C62208ACDCC/data/Containers/Bundle/Application/FEFA4C0F-6123-4E2F-999B-55AB519594E5/src.app/www/cordova_plugins.js for path: %2Fcordova_plugins.js
2015-09-09 15:43:20.942 src[90575:609634] METEOR CORDOVA DEBUG loading filepath: /Users/rhughes1/Library/Developer/CoreSimulator/Devices/DCA93B16-62A8-4E4E-A094-6C62208ACDCC/data/Containers/Bundle/Application/FEFA4C0F-6123-4E2F-999B-55AB519594E5/src.app/www/plugins/org.apache.cordova.console/www/console-via-logger.js for path: %2Fplugins%2Forg.apache.cordova.console%2Fwww%2Fconsole-via-logger.js
2015-09-09 15:43:20.943 src[90575:609634] METEOR CORDOVA DEBUG loading filepath: /Users/rhughes1/Library/Developer/CoreSimulator/Devices/DCA93B16-62A8-4E4E-A094-6C62208ACDCC/data/Containers/Bundle/Application/FEFA4C0F-6123-4E2F-999B-55AB519594E5/src.app/www/plugins/org.apache.cordova.console/www/logger.js for path: %2Fplugins%2Forg.apache.cordova.console%2Fwww%2Flogger.js
2015-09-09 15:43:20.943 src[90575:609634] METEOR CORDOVA DEBUG loading filepath: /Users/rhughes1/Library/Developer/CoreSimulator/Devices/DCA93B16-62A8-4E4E-A094-6C62208ACDCC/data/Containers/Bundle/Application/FEFA4C0F-6123-4E2F-999B-55AB519594E5/src.app/www/plugins/org.apache.cordova.file/www/DirectoryEntry.js for path: %2Fplugins%2Forg.apache.cordova.file%2Fwww%2FDirectoryEntry.js
2015-09-09 15:43:20.944 src[90575:609634] METEOR CORDOVA DEBUG loading filepath: /Users/rhughes1/Library/Developer/CoreSimulator/Devices/DCA93B16-62A8-4E4E-A094-6C62208ACDCC/data/Containers/Bundle/Application/FEFA4C0F-6123-4E2F-999B-55AB519594E5/src.app/www/plugins/org.apache.cordova.file/www/DirectoryReader.js for path: %2Fplugins%2Forg.apache.cordova.file%2Fwww%2FDirectoryReader.js
2015-09-09 15:43:20.944 src[90575:609634] METEOR CORDOVA DEBUG loading filepath: /Users/rhughes1/Library/Developer/CoreSimulator/Devices/DCA93B16-62A8-4E4E-A094-6C62208ACDCC/data/Containers/Bundle/Application/FEFA4C0F-6123-4E2F-999B-55AB519594E5/src.app/www/plugins/org.apache.cordova.file/www/Entry.js for path: %2Fplugins%2Forg.apache.cordova.file%2Fwww%2FEntry.js
2015-09-09 15:43:20.945 src[90575:609634] METEOR CORDOVA DEBUG loading filepath: /Users/rhughes1/Library/Developer/CoreSimulator/Devices/DCA93B16-62A8-4E4E-A094-6C62208ACDCC/data/Containers/Bundle/Application/FEFA4C0F-6123-4E2F-999B-55AB519594E5/src.app/www/plugins/org.apache.cordova.file/www/File.js for path: %2Fplugins%2Forg.apache.cordova.file%2Fwww%2FFile.js
2015-09-09 15:43:20.945 src[90575:609634] METEOR CORDOVA DEBUG loading filepath: /Users/rhughes1/Library/Developer/CoreSimulator/Devices/DCA93B16-62A8-4E4E-A094-6C62208ACDCC/data/Containers/Bundle/Application/FEFA4C0F-6123-4E2F-999B-55AB519594E5/src.app/www/plugins/org.apache.cordova.file/www/FileEntry.js for path: %2Fplugins%2Forg.apache.cordova.file%2Fwww%2FFileEntry.js
2015-09-09 15:43:20.946 src[90575:609634] METEOR CORDOVA DEBUG loading filepath: /Users/rhughes1/Library/Developer/CoreSimulator/Devices/DCA93B16-62A8-4E4E-A094-6C62208ACDCC/data/Containers/Bundle/Application/FEFA4C0F-6123-4E2F-999B-55AB519594E5/src.app/www/plugins/org.apache.cordova.file/www/FileError.js for path: %2Fplugins%2Forg.apache.cordova.file%2Fwww%2FFileError.js
2015-09-09 15:43:20.946 src[90575:609634] METEOR CORDOVA DEBUG loading filepath: /Users/rhughes1/Library/Developer/CoreSimulator/Devices/DCA93B16-62A8-4E4E-A094-6C62208ACDCC/data/Containers/Bundle/Application/FEFA4C0F-6123-4E2F-999B-55AB519594E5/src.app/www/plugins/org.apache.cordova.file/www/FileReader.js for path: %2Fplugins%2Forg.apache.cordova.file%2Fwww%2FFileReader.js
2015-09-09 15:43:20.947 src[90575:609634] METEOR CORDOVA DEBUG loading filepath: /Users/rhughes1/Library/Developer/CoreSimulator/Devices/DCA93B16-62A8-4E4E-A094-6C62208ACDCC/data/Containers/Bundle/Application/FEFA4C0F-6123-4E2F-999B-55AB519594E5/src.app/www/plugins/org.apache.cordova.file/www/FileSystem.js for path: %2Fplugins%2Forg.apache.cordova.file%2Fwww%2FFileSystem.js
2015-09-09 15:43:20.947 src[90575:609634] METEOR CORDOVA DEBUG loading filepath: /Users/rhughes1/Library/Developer/CoreSimulator/Devices/DCA93B16-62A8-4E4E-A094-6C62208ACDCC/data/Containers/Bundle/Application/FEFA4C0F-6123-4E2F-999B-55AB519594E5/src.app/www/plugins/org.apache.cordova.file/www/FileUploadOptions.js for path: %2Fplugins%2Forg.apache.cordova.file%2Fwww%2FFileUploadOptions.js
2015-09-09 15:43:20.948 src[90575:609634] METEOR CORDOVA DEBUG loading filepath: /Users/rhughes1/Library/Developer/CoreSimulator/Devices/DCA93B16-62A8-4E4E-A094-6C62208ACDCC/data/Containers/Bundle/Application/FEFA4C0F-6123-4E2F-999B-55AB519594E5/src.app/www/plugins/org.apache.cordova.file/www/FileUploadResult.js for path: %2Fplugins%2Forg.apache.cordova.file%2Fwww%2FFileUploadResult.js
2015-09-09 15:43:20.949 src[90575:609634] METEOR CORDOVA DEBUG loading filepath: /Users/rhughes1/Library/Developer/CoreSimulator/Devices/DCA93B16-62A8-4E4E-A094-6C62208ACDCC/data/Containers/Bundle/Application/FEFA4C0F-6123-4E2F-999B-55AB519594E5/src.app/www/plugins/org.apache.cordova.file/www/FileWriter.js for path: %2Fplugins%2Forg.apache.cordova.file%2Fwww%2FFileWriter.js
2015-09-09 15:43:20.949 src[90575:609634] METEOR CORDOVA DEBUG loading filepath: /Users/rhughes1/Library/Developer/CoreSimulator/Devices/DCA93B16-62A8-4E4E-A094-6C62208ACDCC/data/Containers/Bundle/Application/FEFA4C0F-6123-4E2F-999B-55AB519594E5/src.app/www/plugins/org.apache.cordova.file/www/Flags.js for path: %2Fplugins%2Forg.apache.cordova.file%2Fwww%2FFlags.js
2015-09-09 15:43:20.950 src[90575:609634] METEOR CORDOVA DEBUG loading filepath: /Users/rhughes1/Library/Developer/CoreSimulator/Devices/DCA93B16-62A8-4E4E-A094-6C62208ACDCC/data/Containers/Bundle/Application/FEFA4C0F-6123-4E2F-999B-55AB519594E5/src.app/www/plugins/org.apache.cordova.file/www/LocalFileSystem.js for path: %2Fplugins%2Forg.apache.cordova.file%2Fwww%2FLocalFileSystem.js
2015-09-09 15:43:20.951 src[90575:609634] METEOR CORDOVA DEBUG loading filepath: /Users/rhughes1/Library/Developer/CoreSimulator/Devices/DCA93B16-62A8-4E4E-A094-6C62208ACDCC/data/Containers/Bundle/Application/FEFA4C0F-6123-4E2F-999B-55AB519594E5/src.app/www/plugins/org.apache.cordova.file/www/Metadata.js for path: %2Fplugins%2Forg.apache.cordova.file%2Fwww%2FMetadata.js
2015-09-09 15:43:20.952 src[90575:609634] METEOR CORDOVA DEBUG loading filepath: /Users/rhughes1/Library/Developer/CoreSimulator/Devices/DCA93B16-62A8-4E4E-A094-6C62208ACDCC/data/Containers/Bundle/Application/FEFA4C0F-6123-4E2F-999B-55AB519594E5/src.app/www/plugins/org.apache.cordova.file/www/ProgressEvent.js for path: %2Fplugins%2Forg.apache.cordova.file%2Fwww%2FProgressEvent.js
2015-09-09 15:43:20.953 src[90575:609634] METEOR CORDOVA DEBUG loading filepath: /Users/rhughes1/Library/Developer/CoreSimulator/Devices/DCA93B16-62A8-4E4E-A094-6C62208ACDCC/data/Containers/Bundle/Application/FEFA4C0F-6123-4E2F-999B-55AB519594E5/src.app/www/plugins/org.apache.cordova.file/www/fileSystems.js for path: %2Fplugins%2Forg.apache.cordova.file%2Fwww%2FfileSystems.js
2015-09-09 15:43:20.953 src[90575:609634] METEOR CORDOVA DEBUG loading filepath: /Users/rhughes1/Library/Developer/CoreSimulator/Devices/DCA93B16-62A8-4E4E-A094-6C62208ACDCC/data/Containers/Bundle/Application/FEFA4C0F-6123-4E2F-999B-55AB519594E5/src.app/www/plugins/org.apache.cordova.file/www/requestFileSystem.js for path: %2Fplugins%2Forg.apache.cordova.file%2Fwww%2FrequestFileSystem.js
2015-09-09 15:43:20.954 src[90575:609634] METEOR CORDOVA DEBUG loading filepath: /Users/rhughes1/Library/Developer/CoreSimulator/Devices/DCA93B16-62A8-4E4E-A094-6C62208ACDCC/data/Containers/Bundle/Application/FEFA4C0F-6123-4E2F-999B-55AB519594E5/src.app/www/plugins/org.apache.cordova.file/www/resolveLocalFileSystemURI.js for path: %2Fplugins%2Forg.apache.cordova.file%2Fwww%2FresolveLocalFileSystemURI.js
2015-09-09 15:43:20.954 src[90575:609634] METEOR CORDOVA DEBUG loading filepath: /Users/rhughes1/Library/Developer/CoreSimulator/Devices/DCA93B16-62A8-4E4E-A094-6C62208ACDCC/data/Containers/Bundle/Application/FEFA4C0F-6123-4E2F-999B-55AB519594E5/src.app/www/plugins/org.apache.cordova.file/www/ios/FileSystem.js for path: %2Fplugins%2Forg.apache.cordova.file%2Fwww%2Fios%2FFileSystem.js
2015-09-09 15:43:20.955 src[90575:609634] METEOR CORDOVA DEBUG loading filepath: /Users/rhughes1/Library/Developer/CoreSimulator/Devices/DCA93B16-62A8-4E4E-A094-6C62208ACDCC/data/Containers/Bundle/Application/FEFA4C0F-6123-4E2F-999B-55AB519594E5/src.app/www/plugins/org.apache.cordova.file/www/fileSystems-roots.js for path: %2Fplugins%2Forg.apache.cordova.file%2Fwww%2FfileSystems-roots.js
2015-09-09 15:43:20.956 src[90575:609634] METEOR CORDOVA DEBUG loading filepath: /Users/rhughes1/Library/Developer/CoreSimulator/Devices/DCA93B16-62A8-4E4E-A094-6C62208ACDCC/data/Containers/Bundle/Application/FEFA4C0F-6123-4E2F-999B-55AB519594E5/src.app/www/plugins/org.apache.cordova.file/www/fileSystemPaths.js for path: %2Fplugins%2Forg.apache.cordova.file%2Fwww%2FfileSystemPaths.js
2015-09-09 15:43:20.956 src[90575:609634] METEOR CORDOVA DEBUG loading filepath: /Users/rhughes1/Library/Developer/CoreSimulator/Devices/DCA93B16-62A8-4E4E-A094-6C62208ACDCC/data/Containers/Bundle/Application/FEFA4C0F-6123-4E2F-999B-55AB519594E5/src.app/www/plugins/org.apache.cordova.file-transfer/www/FileTransferError.js for path: %2Fplugins%2Forg.apache.cordova.file-transfer%2Fwww%2FFileTransferError.js
2015-09-09 15:43:20.957 src[90575:609634] METEOR CORDOVA DEBUG loading filepath: /Users/rhughes1/Library/Developer/CoreSimulator/Devices/DCA93B16-62A8-4E4E-A094-6C62208ACDCC/data/Containers/Bundle/Application/FEFA4C0F-6123-4E2F-999B-55AB519594E5/src.app/www/plugins/org.apache.cordova.file-transfer/www/FileTransfer.js for path: %2Fplugins%2Forg.apache.cordova.file-transfer%2Fwww%2FFileTransfer.js
2015-09-09 15:43:20.958 src[90575:609634] METEOR CORDOVA DEBUG loading filepath: /Users/rhughes1/Library/Developer/CoreSimulator/Devices/DCA93B16-62A8-4E4E-A094-6C62208ACDCC/data/Containers/Bundle/Application/FEFA4C0F-6123-4E2F-999B-55AB519594E5/src.app/www/plugins/org.apache.cordova.device/www/device.js for path: %2Fplugins%2Forg.apache.cordova.device%2Fwww%2Fdevice.js
2015-09-09 15:43:20.958 src[90575:609634] METEOR CORDOVA DEBUG loading filepath: /Users/rhughes1/Library/Developer/CoreSimulator/Devices/DCA93B16-62A8-4E4E-A094-6C62208ACDCC/data/Containers/Bundle/Application/FEFA4C0F-6123-4E2F-999B-55AB519594E5/src.app/www/plugins/com.meteor.cordova-update/www/CordovaUpdate.js for path: %2Fplugins%2Fcom.meteor.cordova-update%2Fwww%2FCordovaUpdate.js
2015-09-09 15:43:20.959 src[90575:609634] METEOR CORDOVA DEBUG loading filepath: /Users/rhughes1/Library/Developer/CoreSimulator/Devices/DCA93B16-62A8-4E4E-A094-6C62208ACDCC/data/Containers/Bundle/Application/FEFA4C0F-6123-4E2F-999B-55AB519594E5/src.app/www/plugins/org.apache.cordova.statusbar/www/statusbar.js for path: %2Fplugins%2Forg.apache.cordova.statusbar%2Fwww%2Fstatusbar.js
2015-09-09 15:43:20.960 src[90575:609634] METEOR CORDOVA DEBUG loading filepath: /Users/rhughes1/Library/Developer/CoreSimulator/Devices/DCA93B16-62A8-4E4E-A094-6C62208ACDCC/data/Containers/Bundle/Application/FEFA4C0F-6123-4E2F-999B-55AB519594E5/src.app/www/plugins/org.apache.cordova.splashscreen/www/splashscreen.js for path: %2Fplugins%2Forg.apache.cordova.splashscreen%2Fwww%2Fsplashscreen.js
2015-09-09 15:43:20.984 src[90575:608913] created
2015-09-09 15:43:50.068 src[90575:609604] Communications error: <OS_xpc_error: <error: 0x2e1f5f4> { count = 1, contents =
	"XPCErrorDescription" => <string: 0x2e1f83c> { length = 22, contents = "Connection interrupted" }
}>
